Using pre-set license
Built from '2020.2/staging' branch; Version is '2020.2.7f1 (c53830e277f1) revision 12924976'; Using compiler version '192528614'; Build Type 'Release'
OS: 'Windows 10 Home; OS build 19042.867; Version 2009; 64bit' Language: 'es' Physical Memory: 16290 MB
BatchMode: 1, IsHumanControllingUs: 0, StartBugReporterOnCrash: 0, Is64bit: 1, IsPro: 0

 COMMAND LINE ARGUMENTS:
C:\Program Files\Unity\Hub\Editor\2020.2.7f1\Editor\Unity.exe
-adb2
-batchMode
-noUpm
-name
AssetImportWorker0
-projectPath
C:/Users/yo/Documents/GitHub/ProyectoParcial2VG
-logFile
Logs/AssetImportWorker0.log
-srvPort
51209
Successfully changed project path to: C:/Users/yo/Documents/GitHub/ProyectoParcial2VG
C:/Users/yo/Documents/GitHub/ProyectoParcial2VG
Using Asset Import Pipeline V2.
Refreshing native plugins compatible for Editor in 47.14 ms, found 0 plugins.
Preloading 0 native plugins for Editor in 0.00 ms.
Initialize engine version: 2020.2.7f1 (c53830e277f1)
[Subsystems] Discovering subsystems at path C:/Program Files/Unity/Hub/Editor/2020.2.7f1/Editor/Data/Resources/UnitySubsystems
[Subsystems] Discovering subsystems at path C:/Users/yo/Documents/GitHub/ProyectoParcial2VG/Assets
GfxDevice: creating device client; threaded=0
Direct3D:
    Version:  Direct3D 11.0 [level 11.1]
    Renderer: NVIDIA GeForce GTX 1650 (ID=0x2188)
    Vendor:   
    VRAM:     3962 MB
    Driver:   27.21.14.6172
Shader 'Universal Render Pipeline/Particles/Lit': fallback shader 'Universal Render Pipeline/Particles/SimpleLit' not found
Initialize mono
Mono path[0] = 'C:/Program Files/Unity/Hub/Editor/2020.2.7f1/Editor/Data/Managed'
Mono path[1] = 'C:/Program Files/Unity/Hub/Editor/2020.2.7f1/Editor/Data/MonoBleedingEdge/lib/mono/unityjit'
Mono config path = 'C:/Program Files/Unity/Hub/Editor/2020.2.7f1/Editor/Data/MonoBleedingEdge/etc'
Using monoOptions --debugger-agent=transport=dt_socket,embedding=1,server=y,suspend=n,address=127.0.0.1:56028
Begin MonoManager ReloadAssembly
Registering precompiled unity dll's ...
Register platform support module: C:/Program Files/Unity/Hub/Editor/2020.2.7f1/Editor/Data/PlaybackEngines/WindowsStandaloneSupport/UnityEditor.WindowsStandalone.Extensions.dll
Registered in 0.001557 seconds.
Native extension for WindowsStandalone target not found
Refreshing native plugins compatible for Editor in 49.24 ms, found 0 plugins.
Preloading 0 native plugins for Editor in 0.00 ms.
Invoked RoslynAnalysisRunner static constructor.
RoslynAnalysisRunner will not be running.
RoslynAnalysisRunner has terminated.
Mono: successfully reloaded assembly
- Completed reload, in  1.530 seconds
Platform modules already initialized, skipping
Registering precompiled user dll's ...
Registered in 0.001154 seconds.
Begin MonoManager ReloadAssembly
Native extension for WindowsStandalone target not found
Refreshing native plugins compatible for Editor in 52.59 ms, found 0 plugins.
Preloading 0 native plugins for Editor in 0.00 ms.
Invoked RoslynAnalysisRunner static constructor.
RoslynAnalysisRunner will not be running.
RoslynAnalysisRunner has terminated.
Mono: successfully reloaded assembly
- Completed reload, in  0.921 seconds
Platform modules already initialized, skipping
========================================================================
Worker process is ready to serve import requests
Shader 'Universal Render Pipeline/Particles/Lit': fallback shader 'Universal Render Pipeline/Particles/SimpleLit' not found
Launched and connected shader compiler UnityShaderCompiler.exe after 0.03 seconds
Refreshing native plugins compatible for Editor in 0.50 ms, found 0 plugins.
Preloading 0 native plugins for Editor in 0.00 ms.
Unloading 2986 Unused Serialized files (Serialized files now loaded: 0)
System memory in use before: 208.6 MB.
System memory in use after: 208.8 MB.

Unloading 13 unused Assets to reduce memory usage. Loaded Objects now: 3437.
Total: 2.819700 ms (FindLiveObjects: 0.498200 ms CreateObjectMapping: 0.186100 ms MarkObjects: 2.074200 ms  DeleteObjects: 0.060100 ms)

========================================================================
Received Import Request.
  path: Assets/Models/CaminoDelCuriosty.fbx
  artifactKey: Guid(cfd473f3ea08ee541bc9c7d7158d2530) Importer(815301076,1909f56bfc062723c751e8b465ee728b)
Start importing Assets/Models/CaminoDelCuriosty.fbx using Guid(cfd473f3ea08ee541bc9c7d7158d2530) Importer(815301076,1909f56bfc062723c751e8b465ee728b)  -> (artifact id: '988f10b790522c9e42068c2a9be587b8') in 0.353807 seconds
  Import took 0.359720 seconds .

========================================================================
Received Import Request.
  Time since last request: 0.000232 seconds.
  path: Assets/Models/TerrenoMarcianoDeJuego.fbx
  artifactKey: Guid(c90852719d5c5a842ad46b3831969c09) Importer(815301076,1909f56bfc062723c751e8b465ee728b)
Start importing Assets/Models/TerrenoMarcianoDeJuego.fbx using Guid(c90852719d5c5a842ad46b3831969c09) Importer(815301076,1909f56bfc062723c751e8b465ee728b)  -> (artifact id: '6ba899249851260d64a29c8cbe08036d') in 0.089601 seconds
  Import took 0.094730 seconds .

========================================================================
Received Import Request.
  Time since last request: 16.199303 seconds.
  path: Assets/Models/Materials/aiStandardSurface1.mat
  artifactKey: Guid(d228794385d061b46874d297e66f1b48) Importer(815301076,1909f56bfc062723c751e8b465ee728b)
Start importing Assets/Models/Materials/aiStandardSurface1.mat using Guid(d228794385d061b46874d297e66f1b48) Importer(815301076,1909f56bfc062723c751e8b465ee728b)  -> (artifact id: '0bb2e4b4b36de6221b8eb1fd2906dea1') in 0.104850 seconds
  Import took 0.133898 seconds .

========================================================================
Received Import Request.
  Time since last request: 0.000193 seconds.
  path: Assets/Textures/bricks_height 1.png
  artifactKey: Guid(cc3fb254130f423489b6ab5898cc98e4) Importer(815301076,1909f56bfc062723c751e8b465ee728b)
Start importing Assets/Textures/bricks_height 1.png using Guid(cc3fb254130f423489b6ab5898cc98e4) Importer(815301076,1909f56bfc062723c751e8b465ee728b)  -> (artifact id: '26f575dc0a9e05c810802d5eeb9ea1c4') in 0.241281 seconds
  Import took 0.246580 seconds .

========================================================================
Received Import Request.
  Time since last request: 0.000324 seconds.
  path: Assets/ExampleAssets/Materials/ConstructionLight_Mat.mat
  artifactKey: Guid(49076442eeb7e054b8e8869f8b40656d) Importer(815301076,1909f56bfc062723c751e8b465ee728b)
Start importing Assets/ExampleAssets/Materials/ConstructionLight_Mat.mat using Guid(49076442eeb7e054b8e8869f8b40656d) Importer(815301076,1909f56bfc062723c751e8b465ee728b)  -> (artifact id: '2e1227812fd71342f5a4a4591992e52f') in 0.165017 seconds
  Import took 0.170022 seconds .

========================================================================
Received Import Request.
  Time since last request: 0.000269 seconds.
  path: Assets/Models/roverConTexturas.fbm/camara_CubeFBXASC046009SG_Metallic.1001.png
  artifactKey: Guid(c369c76b0536f4642b82997d5a3bf417) Importer(815301076,1909f56bfc062723c751e8b465ee728b)
Start importing Assets/Models/roverConTexturas.fbm/camara_CubeFBXASC046009SG_Metallic.1001.png using Guid(c369c76b0536f4642b82997d5a3bf417) Importer(815301076,1909f56bfc062723c751e8b465ee728b)  -> (artifact id: '9f85deb30d557a88d8384db613f487e5') in 0.023188 seconds
  Import took 0.027615 seconds .

========================================================================
Received Import Request.
  Time since last request: 0.000154 seconds.
  path: Assets/Models/Materials/aiStandardSurface1.mat
  artifactKey: Guid(d228794385d061b46874d297e66f1b48) Importer(815301076,1909f56bfc062723c751e8b465ee728b)
Start importing Assets/Models/Materials/aiStandardSurface1.mat using Guid(d228794385d061b46874d297e66f1b48) Importer(815301076,1909f56bfc062723c751e8b465ee728b)  -> (artifact id: '0bb2e4b4b36de6221b8eb1fd2906dea1') in 0.041952 seconds
  Import took 0.048283 seconds .

========================================================================
Received Import Request.
  Time since last request: 0.000184 seconds.
  path: Assets/ExampleAssets/Textures/Props/Construction_Light/ConstructionLight_Albedo.tif
  artifactKey: Guid(2ec6e1532acb1254f9f3797b5d82db44) Importer(815301076,1909f56bfc062723c751e8b465ee728b)
Start importing Assets/ExampleAssets/Textures/Props/Construction_Light/ConstructionLight_Albedo.tif using Guid(2ec6e1532acb1254f9f3797b5d82db44) Importer(815301076,1909f56bfc062723c751e8b465ee728b)  -> (artifact id: 'a5ed75e8dd3231c3d9d886a70ad7bab8') in 0.035939 seconds
  Import took 0.055903 seconds .

========================================================================
Received Import Request.
  Time since last request: 0.000245 seconds.
  path: Assets/Stagit/SkyboxEarthPlanets/textures/skybox_EarthProDemo/black.png
  artifactKey: Guid(67229ef5567344140af0330ab0428e05) Importer(815301076,1909f56bfc062723c751e8b465ee728b)
Start importing Assets/Stagit/SkyboxEarthPlanets/textures/skybox_EarthProDemo/black.png using Guid(67229ef5567344140af0330ab0428e05) Importer(815301076,1909f56bfc062723c751e8b465ee728b)  -> (artifact id: 'aa455f9bc4ab44b79497ba136f643cce') in 0.127978 seconds
  Import took 0.132340 seconds .

========================================================================
Received Import Request.
  Time since last request: 0.000252 seconds.
  path: Assets/ExampleAssets/Textures/Props/Construction_Light/ConstructionLight_MetallicOcculusionSmoothness.tif
  artifactKey: Guid(9a81f1a59f171804e84fce76584bdcb7) Importer(815301076,1909f56bfc062723c751e8b465ee728b)
Start importing Assets/ExampleAssets/Textures/Props/Construction_Light/ConstructionLight_MetallicOcculusionSmoothness.tif using Guid(9a81f1a59f171804e84fce76584bdcb7) Importer(815301076,1909f56bfc062723c751e8b465ee728b)  -> (artifact id: '0642054a3661da4e30b40a947e770ec7') in 0.015277 seconds
  Import took 0.019205 seconds .

========================================================================
Received Import Request.
  Time since last request: 0.000133 seconds.
  path: Assets/Presets/AudioCompressedInMemory.preset
  artifactKey: Guid(2dd802e4d37c65149922028d3e973832) Importer(815301076,1909f56bfc062723c751e8b465ee728b)
Start importing Assets/Presets/AudioCompressedInMemory.preset using Guid(2dd802e4d37c65149922028d3e973832) Importer(815301076,1909f56bfc062723c751e8b465ee728b)  -> (artifact id: 'dcdd58d54f1937f01365524e47857240') in 0.058286 seconds
  Import took 0.062298 seconds .

========================================================================
Received Import Request.
  Time since last request: 0.000165 seconds.
  path: Assets/Textures/bricks_normal 1.tga
  artifactKey: Guid(6b43fafc024d3564bb1a459b6802ac60) Importer(815301076,1909f56bfc062723c751e8b465ee728b)
Start importing Assets/Textures/bricks_normal 1.tga using Guid(6b43fafc024d3564bb1a459b6802ac60) Importer(815301076,1909f56bfc062723c751e8b465ee728b)  -> (artifact id: '1112161269edc1b6160c3256f9511262') in 0.106218 seconds
  Import took 0.111142 seconds .

========================================================================
Received Import Request.
  Time since last request: 0.000304 seconds.
  path: Assets/Models/roverConTexturas.fbm/brazo_CubeFBXASC046011SG_BaseColor.1001.png
  artifactKey: Guid(5275ce6bbf267d24bb93f1371608e887) Importer(815301076,1909f56bfc062723c751e8b465ee728b)
Start importing Assets/Models/roverConTexturas.fbm/brazo_CubeFBXASC046011SG_BaseColor.1001.png using Guid(5275ce6bbf267d24bb93f1371608e887) Importer(815301076,1909f56bfc062723c751e8b465ee728b)  -> (artifact id: 'fce9f3781f5257e3fb033e2cc3552a04') in 0.069251 seconds
  Import took 0.074089 seconds .

========================================================================
Received Import Request.
  Time since last request: 0.000184 seconds.
  path: Assets/ExampleAssets/Prefabs/Construction Light Low.prefab
  artifactKey: Guid(bf0a225a9ff184f2789f3036faaa9150) Importer(815301076,1909f56bfc062723c751e8b465ee728b)
Start importing Assets/ExampleAssets/Prefabs/Construction Light Low.prefab using Guid(bf0a225a9ff184f2789f3036faaa9150) Importer(815301076,1909f56bfc062723c751e8b465ee728b)  -> (artifact id: 'b838186914ba8d5316ef29b550645cb1') in 0.071533 seconds
  Import took 0.075514 seconds .

========================================================================
Received Import Request.
  Time since last request: 0.000198 seconds.
  path: Assets/Models/Materials/aiStandardSurface2.mat
  artifactKey: Guid(3d1c64f8b83fd244784e315159da298e) Importer(815301076,1909f56bfc062723c751e8b465ee728b)
Start importing Assets/Models/Materials/aiStandardSurface2.mat using Guid(3d1c64f8b83fd244784e315159da298e) Importer(815301076,1909f56bfc062723c751e8b465ee728b)  -> (artifact id: 'bec19a9f8d66abf957e0d9ed240e2aa0') in 0.191209 seconds
  Import took 0.195738 seconds .

========================================================================
Received Import Request.
  Time since last request: 0.000220 seconds.
  path: Assets/Models/roverConTexturas.fbm/antena_CubeFBXASC046023SG_BaseColor.1001.png
  artifactKey: Guid(a3742a4aef7cb3d4fbaee9cb77a73428) Importer(815301076,1909f56bfc062723c751e8b465ee728b)
Start importing Assets/Models/roverConTexturas.fbm/antena_CubeFBXASC046023SG_BaseColor.1001.png using Guid(a3742a4aef7cb3d4fbaee9cb77a73428) Importer(815301076,1909f56bfc062723c751e8b465ee728b)  -> (artifact id: 'e42ebf5831db620e6ea282f59ad5c138') in 0.014556 seconds
  Import took 0.018774 seconds .

========================================================================
Received Import Request.
  Time since last request: 0.000162 seconds.
  path: Assets/ExampleAssets/Models/ConstructionLight_Low.fbx
  artifactKey: Guid(e3ae06a3979f53046aa05330d69de1fa) Importer(815301076,1909f56bfc062723c751e8b465ee728b)
Start importing Assets/ExampleAssets/Models/ConstructionLight_Low.fbx using Guid(e3ae06a3979f53046aa05330d69de1fa) Importer(815301076,1909f56bfc062723c751e8b465ee728b)  -> (artifact id: '37339d104150d65a98c90b659c35640e') in 0.044646 seconds
  Import took 0.049167 seconds .

========================================================================
Received Import Request.
  Time since last request: 0.000200 seconds.
  path: Assets/Models/roverConTexturas.fbm/antena_CubeFBXASC046023SG_Metallic.1001.png
  artifactKey: Guid(ef69bbf8fde317242b64bdfc28368efd) Importer(815301076,1909f56bfc062723c751e8b465ee728b)
Start importing Assets/Models/roverConTexturas.fbm/antena_CubeFBXASC046023SG_Metallic.1001.png using Guid(ef69bbf8fde317242b64bdfc28368efd) Importer(815301076,1909f56bfc062723c751e8b465ee728b)  -> (artifact id: '0ab32ce5e526db01a798bee968f39a27') in 0.014179 seconds
  Import took 0.018382 seconds .

========================================================================
Received Import Request.
  Time since last request: 0.000133 seconds.
  path: Assets/Models/Materials/conectores.mat
  artifactKey: Guid(b057db51b11a5c34583dacd65d7771fb) Importer(815301076,1909f56bfc062723c751e8b465ee728b)
Start importing Assets/Models/Materials/conectores.mat using Guid(b057db51b11a5c34583dacd65d7771fb) Importer(815301076,1909f56bfc062723c751e8b465ee728b)  -> (artifact id: '57b12e30a12f1848e7c0323272fcaf6d') in 0.043716 seconds
  Import took 0.047900 seconds .

========================================================================
Received Import Request.
  Time since last request: 0.000196 seconds.
  path: Assets/ExampleAssets/Models/Workbench.fbx
  artifactKey: Guid(efe9381559c516743bd05cef82f39ebb) Importer(815301076,1909f56bfc062723c751e8b465ee728b)
Start importing Assets/ExampleAssets/Models/Workbench.fbx using Guid(efe9381559c516743bd05cef82f39ebb) Importer(815301076,1909f56bfc062723c751e8b465ee728b)  -> (artifact id: 'e0f5f1ff6f695267a6696e3f224f0325') in 0.156763 seconds
  Import took 0.161137 seconds .

========================================================================
Received Import Request.
  Time since last request: 0.000164 seconds.
  path: Assets/Presets/Defaults/AudioDecompressOnLoad.preset
  artifactKey: Guid(e7689051185d12f4298e1ebb2693a29f) Importer(815301076,1909f56bfc062723c751e8b465ee728b)
Start importing Assets/Presets/Defaults/AudioDecompressOnLoad.preset using Guid(e7689051185d12f4298e1ebb2693a29f) Importer(815301076,1909f56bfc062723c751e8b465ee728b)  -> (artifact id: '4d9709e5d3b57597f9d7f232b78655d2') in 0.043005 seconds
  Import took 0.046983 seconds .

========================================================================
Received Import Request.
  Time since last request: 0.000197 seconds.
  path: Assets/Models/Materials/camara.mat
  artifactKey: Guid(70c30b697ac3f6042a6053c3677113eb) Importer(815301076,1909f56bfc062723c751e8b465ee728b)
Start importing Assets/Models/Materials/camara.mat using Guid(70c30b697ac3f6042a6053c3677113eb) Importer(815301076,1909f56bfc062723c751e8b465ee728b)  -> (artifact id: 'c0025f2f523399b21b50cbff329a1b18') in 0.019074 seconds
  Import took 0.023348 seconds .

========================================================================
Received Import Request.
  Time since last request: 0.000213 seconds.
  path: Assets/Models/roverConTexturas.fbm/1/boquilla_CubeFBXASC046011SG_BaseColor.1001.png
  artifactKey: Guid(01a6479f464796d4fbbde87d91d7f1ff) Importer(815301076,1909f56bfc062723c751e8b465ee728b)
Start importing Assets/Models/roverConTexturas.fbm/1/boquilla_CubeFBXASC046011SG_BaseColor.1001.png using Guid(01a6479f464796d4fbbde87d91d7f1ff) Importer(815301076,1909f56bfc062723c751e8b465ee728b)  -> (artifact id: '7417bdd26880608cfb21f5ff8f47f588') in 0.016569 seconds
  Import took 0.110237 seconds .

========================================================================
Received Import Request.
  Time since last request: 0.000287 seconds.
  path: Assets/Models/roverConTexturas.fbm/camara_CubeFBXASC046009SG_BaseColor.1001.png
  artifactKey: Guid(b591a2d48b4894b499d7527b02c7f8f4) Importer(815301076,1909f56bfc062723c751e8b465ee728b)
Start importing Assets/Models/roverConTexturas.fbm/camara_CubeFBXASC046009SG_BaseColor.1001.png using Guid(b591a2d48b4894b499d7527b02c7f8f4) Importer(815301076,1909f56bfc062723c751e8b465ee728b)  -> (artifact id: '44b4c07ce66dba7c1d842528a454f145') in 0.016234 seconds
  Import took 0.020797 seconds .

========================================================================
Received Import Request.
  Time since last request: 0.000161 seconds.
  path: Assets/Models/roverConTexturas.fbm/conector_CubeFBXASC046011SG_BaseColor.1001.png
  artifactKey: Guid(ea237a68a6cbc9f449222a323be23c59) Importer(815301076,1909f56bfc062723c751e8b465ee728b)
Start importing Assets/Models/roverConTexturas.fbm/conector_CubeFBXASC046011SG_BaseColor.1001.png using Guid(ea237a68a6cbc9f449222a323be23c59) Importer(815301076,1909f56bfc062723c751e8b465ee728b)  -> (artifact id: 'f3f4f64fcd87b82c05e368be406db8a8') in 0.028365 seconds
  Import took 0.032894 seconds .

========================================================================
Received Import Request.
  Time since last request: 0.000186 seconds.
  path: Assets/Models/roverConTexturas.fbm/antena_CubeFBXASC046023SG_Roughness.1001.png
  artifactKey: Guid(3ab4468f769dffb42b09c77c1bce64fa) Importer(815301076,1909f56bfc062723c751e8b465ee728b)
Start importing Assets/Models/roverConTexturas.fbm/antena_CubeFBXASC046023SG_Roughness.1001.png using Guid(3ab4468f769dffb42b09c77c1bce64fa) Importer(815301076,1909f56bfc062723c751e8b465ee728b)  -> (artifact id: 'c1f2b0043cedcef0cc6f90ba9b035c55') in 0.028650 seconds
  Import took 0.033080 seconds .

========================================================================
Received Import Request.
  Time since last request: 0.000195 seconds.
  path: Assets/ExampleAssets/Models/Workbench_Low.fbx
  artifactKey: Guid(ff6dc36862fe41641bb21568d92147c9) Importer(815301076,1909f56bfc062723c751e8b465ee728b)
Start importing Assets/ExampleAssets/Models/Workbench_Low.fbx using Guid(ff6dc36862fe41641bb21568d92147c9) Importer(815301076,1909f56bfc062723c751e8b465ee728b)  -> (artifact id: 'ff7ffb94805409cb8ff6df44556a4429') in 0.092544 seconds
  Import took 0.096642 seconds .

========================================================================
Received Import Request.
  Time since last request: 0.000238 seconds.
  path: Assets/Models/Materials/cajapico.mat
  artifactKey: Guid(43976c7f2f145574cabf5edc7fed8c67) Importer(815301076,1909f56bfc062723c751e8b465ee728b)
Start importing Assets/Models/Materials/cajapico.mat using Guid(43976c7f2f145574cabf5edc7fed8c67) Importer(815301076,1909f56bfc062723c751e8b465ee728b)  -> (artifact id: '987d92868bf92f533adde2517f930d4e') in 0.016338 seconds
  Import took 0.020398 seconds .

========================================================================
Received Import Request.
  Time since last request: 0.000253 seconds.
  path: Assets/Models/roverConTexturas.fbm/boquilla_CubeFBXASC046011SG_Roughness.1001.png
  artifactKey: Guid(a3cabc8c48a19db49bba7e7f360525d6) Importer(815301076,1909f56bfc062723c751e8b465ee728b)
Start importing Assets/Models/roverConTexturas.fbm/boquilla_CubeFBXASC046011SG_Roughness.1001.png using Guid(a3cabc8c48a19db49bba7e7f360525d6) Importer(815301076,1909f56bfc062723c751e8b465ee728b)  -> (artifact id: '5be0d15b899212c2bacb575f0bf15213') in 0.014489 seconds
  Import took 0.020196 seconds .

========================================================================
Received Import Request.
  Time since last request: 0.000250 seconds.
  path: Assets/Models/roverConTexturas.fbm/boquilla_CubeFBXASC046011SG_BaseColor.1001.png
  artifactKey: Guid(5992c8330eec33f48a1495c6c9f2d1fb) Importer(815301076,1909f56bfc062723c751e8b465ee728b)
Start importing Assets/Models/roverConTexturas.fbm/boquilla_CubeFBXASC046011SG_BaseColor.1001.png using Guid(5992c8330eec33f48a1495c6c9f2d1fb) Importer(815301076,1909f56bfc062723c751e8b465ee728b)  -> (artifact id: 'b07f2d6e46c418e6c386f1faf73ba86e') in 0.007399 seconds
  Import took 0.011832 seconds .

========================================================================
Received Import Request.
  Time since last request: 0.000188 seconds.
  path: Assets/Models/roverConTexturas.fbm/brazo_CubeFBXASC046011SG_Normal.1001.png
  artifactKey: Guid(4cc94b3407cb94548b1cd3ec197429a8) Importer(815301076,1909f56bfc062723c751e8b465ee728b)
Start importing Assets/Models/roverConTexturas.fbm/brazo_CubeFBXASC046011SG_Normal.1001.png using Guid(4cc94b3407cb94548b1cd3ec197429a8) Importer(815301076,1909f56bfc062723c751e8b465ee728b)  -> (artifact id: '076bcc58f37f32a492b8d141388ed11f') in 0.013974 seconds
  Import took 0.018353 seconds .

========================================================================
Received Import Request.
  Time since last request: 189.636561 seconds.
  path: Assets/Presets/Defaults/AlbedoTexture_Default.preset
  artifactKey: Guid(e8537455c6c08bd4e8bf0be3707da685) Importer(815301076,1909f56bfc062723c751e8b465ee728b)
Start importing Assets/Presets/Defaults/AlbedoTexture_Default.preset using Guid(e8537455c6c08bd4e8bf0be3707da685) Importer(815301076,1909f56bfc062723c751e8b465ee728b)  -> (artifact id: 'e312fbb739616212fd3f590cb3707b66') in 0.052639 seconds
  Import took 0.058009 seconds .

========================================================================
Received Import Request.
  Time since last request: 0.000286 seconds.
  path: Assets/Presets/AudioStreaming.preset
  artifactKey: Guid(86bcce7f5575b54408aa0f3a7d321039) Importer(815301076,1909f56bfc062723c751e8b465ee728b)
Start importing Assets/Presets/AudioStreaming.preset using Guid(86bcce7f5575b54408aa0f3a7d321039) Importer(815301076,1909f56bfc062723c751e8b465ee728b)  -> (artifact id: '99be2f198049b76e8a43a3fd25144ff2') in 0.030253 seconds
  Import took 0.035508 seconds .

========================================================================
Received Import Request.
  Time since last request: 0.000260 seconds.
  path: Assets/Models/Materials/AreaDeMarte.mat
  artifactKey: Guid(75bee0069d7560047bdd954782ff8885) Importer(815301076,1909f56bfc062723c751e8b465ee728b)
Start importing Assets/Models/Materials/AreaDeMarte.mat using Guid(75bee0069d7560047bdd954782ff8885) Importer(815301076,1909f56bfc062723c751e8b465ee728b)  -> (artifact id: 'a58eeff2b0443ae026a92e4dffa08bd1') in 0.060434 seconds
  Import took 0.065458 seconds .

========================================================================
Received Import Request.
  Time since last request: 0.000261 seconds.
  path: Assets/Presets/Defaults/AlbedoTexture_Default.preset
  artifactKey: Guid(e8537455c6c08bd4e8bf0be3707da685) Importer(815301076,1909f56bfc062723c751e8b465ee728b)
Start importing Assets/Presets/Defaults/AlbedoTexture_Default.preset using Guid(e8537455c6c08bd4e8bf0be3707da685) Importer(815301076,1909f56bfc062723c751e8b465ee728b)  -> (artifact id: 'e312fbb739616212fd3f590cb3707b66') in 0.003707 seconds
  Import took 0.007494 seconds .

========================================================================
Received Import Request.
  Time since last request: 0.000228 seconds.
  path: Assets/Stagit/SkyboxEarthPlanets/textures/skybox_EarthProDemo/alpha_4096.png
  artifactKey: Guid(ce6b71f8c1706ab43855393a5337b9c7) Importer(815301076,1909f56bfc062723c751e8b465ee728b)
Start importing Assets/Stagit/SkyboxEarthPlanets/textures/skybox_EarthProDemo/alpha_4096.png using Guid(ce6b71f8c1706ab43855393a5337b9c7) Importer(815301076,1909f56bfc062723c751e8b465ee728b)  -> (artifact id: 'c72f20369579082cdbc2f2a3ae5227bb') in 0.293202 seconds
  Import took 0.313944 seconds .

========================================================================
Received Import Request.
  Time since last request: 0.000221 seconds.
  path: Assets/Models/Materials/boquilla.mat
  artifactKey: Guid(428f6f1d730856642851264904020dc9) Importer(815301076,1909f56bfc062723c751e8b465ee728b)
Start importing Assets/Models/Materials/boquilla.mat using Guid(428f6f1d730856642851264904020dc9) Importer(815301076,1909f56bfc062723c751e8b465ee728b)  -> (artifact id: 'e3b80cfa30b47544ba68596f6171c4c2') in 0.043314 seconds
  Import took 0.047812 seconds .

========================================================================
Received Prepare
Registering precompiled user dll's ...
Registered in 0.001309 seconds.
Begin MonoManager ReloadAssembly
Native extension for WindowsStandalone target not found
Refreshing native plugins compatible for Editor in 0.52 ms, found 0 plugins.
Preloading 0 native plugins for Editor in 0.00 ms.
Invoked RoslynAnalysisRunner static constructor.
RoslynAnalysisRunner will not be running.
RoslynAnalysisRunner has terminated.
Mono: successfully reloaded assembly
- Completed reload, in  0.884 seconds
Platform modules already initialized, skipping
Shader 'Universal Render Pipeline/Particles/Lit': fallback shader 'Universal Render Pipeline/Particles/SimpleLit' not found
Refreshing native plugins compatible for Editor in 0.53 ms, found 0 plugins.
Preloading 0 native plugins for Editor in 0.00 ms.
Unloading 2845 Unused Serialized files (Serialized files now loaded: 0)
System memory in use before: 206.4 MB.
System memory in use after: 206.6 MB.

Unloading 6 unused Assets to reduce memory usage. Loaded Objects now: 3525.
Total: 3.181400 ms (FindLiveObjects: 0.415100 ms CreateObjectMapping: 0.156700 ms MarkObjects: 2.589900 ms  DeleteObjects: 0.018200 ms)

========================================================================
Received Prepare
Registering precompiled user dll's ...
Registered in 0.001235 seconds.
Begin MonoManager ReloadAssembly
Native extension for WindowsStandalone target not found
Refreshing native plugins compatible for Editor in 0.48 ms, found 0 plugins.
Preloading 0 native plugins for Editor in 0.00 ms.
Invoked RoslynAnalysisRunner static constructor.
RoslynAnalysisRunner will not be running.
RoslynAnalysisRunner has terminated.
Mono: successfully reloaded assembly
- Completed reload, in  0.816 seconds
Platform modules already initialized, skipping
Shader 'Universal Render Pipeline/Particles/Lit': fallback shader 'Universal Render Pipeline/Particles/SimpleLit' not found
Refreshing native plugins compatible for Editor in 0.53 ms, found 0 plugins.
Preloading 0 native plugins for Editor in 0.00 ms.
Unloading 2845 Unused Serialized files (Serialized files now loaded: 0)
System memory in use before: 206.5 MB.
System memory in use after: 206.7 MB.

Unloading 6 unused Assets to reduce memory usage. Loaded Objects now: 3528.
Total: 2.596600 ms (FindLiveObjects: 0.399400 ms CreateObjectMapping: 0.147000 ms MarkObjects: 2.034500 ms  DeleteObjects: 0.014500 ms)

========================================================================
Received Prepare
Registering precompiled user dll's ...
Registered in 0.001212 seconds.
Begin MonoManager ReloadAssembly
Native extension for WindowsStandalone target not found
Refreshing native plugins compatible for Editor in 0.49 ms, found 0 plugins.
Preloading 0 native plugins for Editor in 0.00 ms.
Invoked RoslynAnalysisRunner static constructor.
RoslynAnalysisRunner will not be running.
RoslynAnalysisRunner has terminated.
Mono: successfully reloaded assembly
- Completed reload, in  0.835 seconds
Platform modules already initialized, skipping
Shader 'Universal Render Pipeline/Particles/Lit': fallback shader 'Universal Render Pipeline/Particles/SimpleLit' not found
Refreshing native plugins compatible for Editor in 0.51 ms, found 0 plugins.
Preloading 0 native plugins for Editor in 0.00 ms.
Unloading 2845 Unused Serialized files (Serialized files now loaded: 0)
System memory in use before: 206.5 MB.
System memory in use after: 206.7 MB.

Unloading 6 unused Assets to reduce memory usage. Loaded Objects now: 3531.
Total: 2.659300 ms (FindLiveObjects: 0.407900 ms CreateObjectMapping: 0.169100 ms MarkObjects: 2.061200 ms  DeleteObjects: 0.020000 ms)

========================================================================
Received Import Request.
  Time since last request: 1191.397879 seconds.
  path: Assets/ExampleAssets/Models/safetygoggles_low.fbx
  artifactKey: Guid(6296e48663fd7ad46b1a2af507f871cf) Importer(815301076,1909f56bfc062723c751e8b465ee728b)
Start importing Assets/ExampleAssets/Models/safetygoggles_low.fbx using Guid(6296e48663fd7ad46b1a2af507f871cf) Importer(815301076,1909f56bfc062723c751e8b465ee728b)  -> (artifact id: '0855e1b2efd0d64a7e5d8fb38d69e21a') in 0.248929 seconds
  Import took 0.257021 seconds .

========================================================================
Received Import Request.
  Time since last request: 0.000255 seconds.
  path: Assets/Models/Materials/rover-transistor.mat
  artifactKey: Guid(0f5a70d5eeb5d9348bafb39db8c570f2) Importer(815301076,1909f56bfc062723c751e8b465ee728b)
Start importing Assets/Models/Materials/rover-transistor.mat using Guid(0f5a70d5eeb5d9348bafb39db8c570f2) Importer(815301076,1909f56bfc062723c751e8b465ee728b)  -> (artifact id: 'cb0227a18e8b80584525f9fe80082674') in 0.049676 seconds
  Import took 0.053827 seconds .

========================================================================
Received Import Request.
  Time since last request: 0.000233 seconds.
  path: Assets/Models/Materials/rover-tubos_extras.mat
  artifactKey: Guid(6aba659dd68db7e439b8fb13f2c37494) Importer(815301076,1909f56bfc062723c751e8b465ee728b)
Start importing Assets/Models/Materials/rover-tubos_extras.mat using Guid(6aba659dd68db7e439b8fb13f2c37494) Importer(815301076,1909f56bfc062723c751e8b465ee728b)  -> (artifact id: '409abf44609c7704245740a87509c483') in 0.036977 seconds
  Import took 0.041130 seconds .

========================================================================
Received Import Request.
  Time since last request: 0.000159 seconds.
  path: Assets/ExampleAssets/Materials/Strap_Mat.mat
  artifactKey: Guid(81c1860e7800e5340bf8a54c565ba9ea) Importer(815301076,1909f56bfc062723c751e8b465ee728b)
Start importing Assets/ExampleAssets/Materials/Strap_Mat.mat using Guid(81c1860e7800e5340bf8a54c565ba9ea) Importer(815301076,1909f56bfc062723c751e8b465ee728b)  -> (artifact id: '5a4c9787ca52e3a0604ee1dd58d24764') in 0.155161 seconds
  Import took 0.159592 seconds .

========================================================================
Received Import Request.
  Time since last request: 0.000252 seconds.
  path: Assets/Models/Materials/rover-tubos_extras.mat
  artifactKey: Guid(6aba659dd68db7e439b8fb13f2c37494) Importer(815301076,1909f56bfc062723c751e8b465ee728b)
Start importing Assets/Models/Materials/rover-tubos_extras.mat using Guid(6aba659dd68db7e439b8fb13f2c37494) Importer(815301076,1909f56bfc062723c751e8b465ee728b)  -> (artifact id: '409abf44609c7704245740a87509c483') in 0.010369 seconds
  Import took 0.014385 seconds .

========================================================================
Received Import Request.
  Time since last request: 0.000216 seconds.
  path: Assets/ExampleAssets/Materials/Plastic_Transparent.mat
  artifactKey: Guid(8a38b7350df9a9c438e568993a00e5c5) Importer(815301076,1909f56bfc062723c751e8b465ee728b)
Start importing Assets/ExampleAssets/Materials/Plastic_Transparent.mat using Guid(8a38b7350df9a9c438e568993a00e5c5) Importer(815301076,1909f56bfc062723c751e8b465ee728b)  -> (artifact id: '739cbfbf2ae7c8f281e4aed7192c7ebb') in 0.039147 seconds
  Import took 0.043359 seconds .

========================================================================
Received Import Request.
  Time since last request: 0.000261 seconds.
  path: Assets/Models/Materials/rover-extras.mat
  artifactKey: Guid(0c1dac1598485da41a37e8417dfb2a70) Importer(815301076,1909f56bfc062723c751e8b465ee728b)
Start importing Assets/Models/Materials/rover-extras.mat using Guid(0c1dac1598485da41a37e8417dfb2a70) Importer(815301076,1909f56bfc062723c751e8b465ee728b)  -> (artifact id: '92232faa17503ffa1c295691e7c04d0b') in 0.014708 seconds
  Import took 0.018763 seconds .

========================================================================
Received Import Request.
  Time since last request: 0.000205 seconds.
  path: Assets/Models/Materials/transistor1.mat
  artifactKey: Guid(48700c1e262fdcc4fbe2387d582365d6) Importer(815301076,1909f56bfc062723c751e8b465ee728b)
Start importing Assets/Models/Materials/transistor1.mat using Guid(48700c1e262fdcc4fbe2387d582365d6) Importer(815301076,1909f56bfc062723c751e8b465ee728b)  -> (artifact id: 'ebc837a38e53ff40b465029d2b17ce52') in 0.061308 seconds
  Import took 0.065620 seconds .

========================================================================
Received Import Request.
  Time since last request: 7.553637 seconds.
  path: Assets/EffectTexturesAndPrefabs/Textures
  artifactKey: Guid(401e26d13061d7c439b9e36e15d76c6a) Importer(815301076,1909f56bfc062723c751e8b465ee728b)
Start importing Assets/EffectTexturesAndPrefabs/Textures using Guid(401e26d13061d7c439b9e36e15d76c6a) Importer(815301076,1909f56bfc062723c751e8b465ee728b)  -> (artifact id: '487ce6903eda502e82c93280487ebaf7') in 0.025474 seconds
  Import took 0.030659 seconds .

========================================================================
Received Import Request.
  Time since last request: 0.029883 seconds.
  path: Assets/EffectTexturesAndPrefabs/Textures/fire_A.png
  artifactKey: Guid(e4627330551d3014bb2d466848a06dff) Importer(815301076,1909f56bfc062723c751e8b465ee728b)
Start importing Assets/EffectTexturesAndPrefabs/Textures/fire_A.png using Guid(e4627330551d3014bb2d466848a06dff) Importer(815301076,1909f56bfc062723c751e8b465ee728b)  -> (artifact id: '8b2066445888a1abb1cc817bf02755c4') in 0.043277 seconds
  Import took 0.047644 seconds .

========================================================================
Received Import Request.
  Time since last request: 0.000250 seconds.
  path: Assets/EffectTexturesAndPrefabs/Textures/star_B.png
  artifactKey: Guid(a692e8fb04fe88f48b87e461b9e8409d) Importer(815301076,1909f56bfc062723c751e8b465ee728b)
Start importing Assets/EffectTexturesAndPrefabs/Textures/star_B.png using Guid(a692e8fb04fe88f48b87e461b9e8409d) Importer(815301076,1909f56bfc062723c751e8b465ee728b)  -> (artifact id: 'a5d9e6e04c2ec681202ede91889283c4') in 0.036897 seconds
  Import took 0.040784 seconds .

========================================================================
Received Import Request.
  Time since last request: 0.000174 seconds.
  path: Assets/EffectTexturesAndPrefabs/Textures/smoke_n.png
  artifactKey: Guid(4cf38eda12d49f54d83a8d3de778eab9) Importer(815301076,1909f56bfc062723c751e8b465ee728b)
Start importing Assets/EffectTexturesAndPrefabs/Textures/smoke_n.png using Guid(4cf38eda12d49f54d83a8d3de778eab9) Importer(815301076,1909f56bfc062723c751e8b465ee728b)  -> (artifact id: '865e64fdc999b35a786185efc5ecac13') in 0.040403 seconds
  Import took 0.044469 seconds .

========================================================================
Received Import Request.
  Time since last request: 0.000141 seconds.
  path: Assets/EffectTexturesAndPrefabs/Textures/particle_A.png
  artifactKey: Guid(7a034c8d003ebef4d89457c73317547b) Importer(815301076,1909f56bfc062723c751e8b465ee728b)
Start importing Assets/EffectTexturesAndPrefabs/Textures/particle_A.png using Guid(7a034c8d003ebef4d89457c73317547b) Importer(815301076,1909f56bfc062723c751e8b465ee728b)  -> (artifact id: 'cea56234cdee45cc02921e54b23a1d48') in 0.072344 seconds
  Import took 0.076505 seconds .

========================================================================
Received Import Request.
  Time since last request: 0.000140 seconds.
  path: Assets/EffectTexturesAndPrefabs/Textures/star_A.png
  artifactKey: Guid(2a333df97c48b2b4e9610c526a3c3e5e) Importer(815301076,1909f56bfc062723c751e8b465ee728b)
Start importing Assets/EffectTexturesAndPrefabs/Textures/star_A.png using Guid(2a333df97c48b2b4e9610c526a3c3e5e) Importer(815301076,1909f56bfc062723c751e8b465ee728b)  -> (artifact id: 'a27eb5aab9a2311ac48064a1ca4a5f40') in 0.050498 seconds
  Import took 0.054618 seconds .

========================================================================
Received Import Request.
  Time since last request: 0.000141 seconds.
  path: Assets/EffectTexturesAndPrefabs/Textures/light_ring.png
  artifactKey: Guid(e8e4bc588b1176c4aafab4804c6d8d98) Importer(815301076,1909f56bfc062723c751e8b465ee728b)
Start importing Assets/EffectTexturesAndPrefabs/Textures/light_ring.png using Guid(e8e4bc588b1176c4aafab4804c6d8d98) Importer(815301076,1909f56bfc062723c751e8b465ee728b)  -> (artifact id: '47905ae0160e3819ba2e94887377b541') in 0.048808 seconds
  Import took 0.053029 seconds .

========================================================================
Received Import Request.
  Time since last request: 0.000237 seconds.
  path: Assets/EffectTexturesAndPrefabs/Textures/ShockWave.png
  artifactKey: Guid(068fda816d1984c4d9d66984ad9d3a03) Importer(815301076,1909f56bfc062723c751e8b465ee728b)
Start importing Assets/EffectTexturesAndPrefabs/Textures/ShockWave.png using Guid(068fda816d1984c4d9d66984ad9d3a03) Importer(815301076,1909f56bfc062723c751e8b465ee728b)  -> (artifact id: '93d72d30c67b42a0ad02b4d2cfbf0a36') in 0.050178 seconds
  Import took 0.054335 seconds .

========================================================================
Received Import Request.
  Time since last request: 0.000263 seconds.
  path: Assets/EffectTexturesAndPrefabs/Textures/smoke_thin.png
  artifactKey: Guid(90dbf173ff255434d8191e5cbbe24576) Importer(815301076,1909f56bfc062723c751e8b465ee728b)
Start importing Assets/EffectTexturesAndPrefabs/Textures/smoke_thin.png using Guid(90dbf173ff255434d8191e5cbbe24576) Importer(815301076,1909f56bfc062723c751e8b465ee728b)  -> (artifact id: 'e4334893bb2c1d3295ec6624c5037396') in 0.041548 seconds
  Import took 0.045571 seconds .

========================================================================
Received Import Request.
  Time since last request: 0.000199 seconds.
  path: Assets/EffectTexturesAndPrefabs/Textures/smoke_thick.png
  artifactKey: Guid(e21987f0672043a459d97b5331c087e9) Importer(815301076,1909f56bfc062723c751e8b465ee728b)
Start importing Assets/EffectTexturesAndPrefabs/Textures/smoke_thick.png using Guid(e21987f0672043a459d97b5331c087e9) Importer(815301076,1909f56bfc062723c751e8b465ee728b)  -> (artifact id: 'c14504b03cd10d85f15e6b11513f61b8') in 0.024997 seconds
  Import took 0.029162 seconds .

========================================================================
Received Import Request.
  Time since last request: 0.000233 seconds.
  path: Assets/EffectTexturesAndPrefabs/Textures/heart.png
  artifactKey: Guid(d55c061dc27d0ce4a9ec883994eb8bf3) Importer(815301076,1909f56bfc062723c751e8b465ee728b)
Start importing Assets/EffectTexturesAndPrefabs/Textures/heart.png using Guid(d55c061dc27d0ce4a9ec883994eb8bf3) Importer(815301076,1909f56bfc062723c751e8b465ee728b)  -> (artifact id: 'fa34275b747fc1a3bf2e5b3692730617') in 0.025536 seconds
  Import took 0.043905 seconds .

========================================================================
Received Import Request.
  Time since last request: 0.000257 seconds.
  path: Assets/EffectTexturesAndPrefabs/Textures/light.png
  artifactKey: Guid(a6de0b4e38ace5e4281e0b18205d4615) Importer(815301076,1909f56bfc062723c751e8b465ee728b)
Start importing Assets/EffectTexturesAndPrefabs/Textures/light.png using Guid(a6de0b4e38ace5e4281e0b18205d4615) Importer(815301076,1909f56bfc062723c751e8b465ee728b)  -> (artifact id: '08f8cf8946fcbbaec9f0370f869671cc') in 0.020553 seconds
  Import took 0.024589 seconds .

========================================================================
Received Import Request.
  Time since last request: 0.000234 seconds.
  path: Assets/EffectTexturesAndPrefabs/Textures/slash.png
  artifactKey: Guid(114545a4b70d362468dce7ca6f39e659) Importer(815301076,1909f56bfc062723c751e8b465ee728b)
Start importing Assets/EffectTexturesAndPrefabs/Textures/slash.png using Guid(114545a4b70d362468dce7ca6f39e659) Importer(815301076,1909f56bfc062723c751e8b465ee728b)  -> (artifact id: '58be24825e66abf8948aa9db27c880b4') in 0.043517 seconds
  Import took 0.047655 seconds .

========================================================================
Received Import Request.
  Time since last request: 0.000251 seconds.
  path: Assets/EffectTexturesAndPrefabs/Textures/SparkParticle.png
  artifactKey: Guid(d9967c20ed8721d4fae012da762cd471) Importer(815301076,1909f56bfc062723c751e8b465ee728b)
Start importing Assets/EffectTexturesAndPrefabs/Textures/SparkParticle.png using Guid(d9967c20ed8721d4fae012da762cd471) Importer(815301076,1909f56bfc062723c751e8b465ee728b)  -> (artifact id: '2986d865c225a40257249030bc47ed80') in 0.027154 seconds
  Import took 0.031533 seconds .

========================================================================
Received Import Request.
  Time since last request: 0.000322 seconds.
  path: Assets/EffectTexturesAndPrefabs/Textures/MuzzleFlash.tga
  artifactKey: Guid(76c091cfa73cb7e43b5e3a696b08e723) Importer(815301076,1909f56bfc062723c751e8b465ee728b)
Start importing Assets/EffectTexturesAndPrefabs/Textures/MuzzleFlash.tga using Guid(76c091cfa73cb7e43b5e3a696b08e723) Importer(815301076,1909f56bfc062723c751e8b465ee728b)  -> (artifact id: '6ad556a9664685356f99b9e5eab84c8a') in 0.018452 seconds
  Import took 0.024235 seconds .

========================================================================
Received Import Request.
  Time since last request: 6.871494 seconds.
  path: Assets/EffectTexturesAndPrefabs/Materials/Slash.mat
  artifactKey: Guid(7ab6922abe596f14bbeacc00ae8c81be) Importer(815301076,1909f56bfc062723c751e8b465ee728b)
Start importing Assets/EffectTexturesAndPrefabs/Materials/Slash.mat using Guid(7ab6922abe596f14bbeacc00ae8c81be) Importer(815301076,1909f56bfc062723c751e8b465ee728b)  -> (artifact id: '28000f9882548d009ff1402d4921e450') in 0.051653 seconds
  Import took 0.058508 seconds .

========================================================================
Received Import Request.
  Time since last request: 3.151316 seconds.
  path: Assets/EffectTexturesAndPrefabs/Scenes
  artifactKey: Guid(3d643b7158d306f4aa7a13e9bc64e8fb) Importer(815301076,1909f56bfc062723c751e8b465ee728b)
Start importing Assets/EffectTexturesAndPrefabs/Scenes using Guid(3d643b7158d306f4aa7a13e9bc64e8fb) Importer(815301076,1909f56bfc062723c751e8b465ee728b)  -> (artifact id: 'a1cdebeaf8a2918639648c0d410727c2') in 0.005966 seconds
  Import took 0.010477 seconds .

========================================================================
Received Import Request.
  Time since last request: 3.696610 seconds.
  path: Assets/EffectTexturesAndPrefabs/Scenes/blueguy.unity
  artifactKey: Guid(ff48c7f1465fece408c0a8de2717a2f9) Importer(815301076,1909f56bfc062723c751e8b465ee728b)
Start importing Assets/EffectTexturesAndPrefabs/Scenes/blueguy.unity using Guid(ff48c7f1465fece408c0a8de2717a2f9) Importer(815301076,1909f56bfc062723c751e8b465ee728b)  -> (artifact id: '95ecd2956dfb57dce829208518f5a0f0') in 0.008092 seconds
  Import took 0.013468 seconds .

========================================================================
Received Import Request.
  Time since last request: 21.927235 seconds.
  path: Assets/EffectTexturesAndPrefabs/Materials/Smoke_thin.mat
  artifactKey: Guid(8764e26efc3afff4db4bfbabc8fd2043) Importer(815301076,1909f56bfc062723c751e8b465ee728b)
Start importing Assets/EffectTexturesAndPrefabs/Materials/Smoke_thin.mat using Guid(8764e26efc3afff4db4bfbabc8fd2043) Importer(815301076,1909f56bfc062723c751e8b465ee728b)  -> (artifact id: '6eebd149586ee75d1c0f3244e69fdb44') in 0.032470 seconds
  Import took 0.037301 seconds .

========================================================================
Received Import Request.
  Time since last request: 83.192966 seconds.
  path: Assets/Scenes/_Main_01.unity
  artifactKey: Guid(3735afbfda4e8a64d9cfc11e7daadd4a) Importer(815301076,1909f56bfc062723c751e8b465ee728b)
Start importing Assets/Scenes/_Main_01.unity using Guid(3735afbfda4e8a64d9cfc11e7daadd4a) Importer(815301076,1909f56bfc062723c751e8b465ee728b)  -> (artifact id: '8178eb572dcb9daefaee2efcb3469fe7') in 0.007573 seconds
  Import took 0.013111 seconds .

========================================================================
Received Import Request.
  Time since last request: 1.347050 seconds.
  path: Assets/Scenes/Modelos con materiales.unity
  artifactKey: Guid(65f70ea4d8f7e6547b3c09e14b101120) Importer(815301076,1909f56bfc062723c751e8b465ee728b)
Start importing Assets/Scenes/Modelos con materiales.unity using Guid(65f70ea4d8f7e6547b3c09e14b101120) Importer(815301076,1909f56bfc062723c751e8b465ee728b)  -> (artifact id: '3aa309681b76cf5613bb975373a44338') in 0.007718 seconds
  Import took 0.012157 seconds .

========================================================================
Received Import Request.
  Time since last request: 14.479441 seconds.
  path: Assets/Prefabs/House.prefab
  artifactKey: Guid(0508bf2a952b6df43952503312bbe52d) Importer(815301076,1909f56bfc062723c751e8b465ee728b)
Start importing Assets/Prefabs/House.prefab using Guid(0508bf2a952b6df43952503312bbe52d) Importer(815301076,1909f56bfc062723c751e8b465ee728b)  -> (artifact id: '8b5289e1b8c02994a97884ec803450e2') in 0.012412 seconds
  Import took 0.017200 seconds .

========================================================================
Received Import Request.
  Time since last request: 0.000255 seconds.
  path: Assets/Prefabs/RoverControlable.prefab
  artifactKey: Guid(2d01b6eca5906c14d844131117a042ff) Importer(815301076,1909f56bfc062723c751e8b465ee728b)
Start importing Assets/Prefabs/RoverControlable.prefab using Guid(2d01b6eca5906c14d844131117a042ff) Importer(815301076,1909f56bfc062723c751e8b465ee728b)  -> (artifact id: 'dc6057ca6109eee4615e88a772820384') in 0.116251 seconds
  Import took 0.126522 seconds .

========================================================================
Received Import Request.
  Time since last request: 0.000268 seconds.
  path: Assets/Prefabs/RoverControlablev2.prefab
  artifactKey: Guid(fb73334e773176a489021bcad38761a8) Importer(815301076,1909f56bfc062723c751e8b465ee728b)
Start importing Assets/Prefabs/RoverControlablev2.prefab using Guid(fb73334e773176a489021bcad38761a8) Importer(815301076,1909f56bfc062723c751e8b465ee728b)  -> (artifact id: 'f0594cd9d1f8d60719631478665fba03') in 0.126078 seconds
  Import took 0.136696 seconds .

========================================================================
Received Prepare
Registering precompiled user dll's ...
Registered in 0.001298 seconds.
Begin MonoManager ReloadAssembly
Native extension for WindowsStandalone target not found
Refreshing native plugins compatible for Editor in 0.54 ms, found 0 plugins.
Preloading 0 native plugins for Editor in 0.00 ms.
Invoked RoslynAnalysisRunner static constructor.
RoslynAnalysisRunner will not be running.
RoslynAnalysisRunner has terminated.
Mono: successfully reloaded assembly
- Completed reload, in  0.835 seconds
Platform modules already initialized, skipping
Shader 'Universal Render Pipeline/Particles/Lit': fallback shader 'Universal Render Pipeline/Particles/SimpleLit' not found
Refreshing native plugins compatible for Editor in 0.50 ms, found 0 plugins.
Preloading 0 native plugins for Editor in 0.00 ms.
Unloading 2845 Unused Serialized files (Serialized files now loaded: 0)
System memory in use before: 206.8 MB.
System memory in use after: 207.1 MB.

Unloading 6 unused Assets to reduce memory usage. Loaded Objects now: 3573.
Total: 2.427100 ms (FindLiveObjects: 0.303400 ms CreateObjectMapping: 0.145800 ms MarkObjects: 1.962000 ms  DeleteObjects: 0.015100 ms)

========================================================================
Received Prepare
Registering precompiled user dll's ...
Registered in 0.001200 seconds.
Begin MonoManager ReloadAssembly
Native extension for WindowsStandalone target not found
Refreshing native plugins compatible for Editor in 0.48 ms, found 0 plugins.
Preloading 0 native plugins for Editor in 0.00 ms.
Invoked RoslynAnalysisRunner static constructor.
RoslynAnalysisRunner will not be running.
RoslynAnalysisRunner has terminated.
Mono: successfully reloaded assembly
- Completed reload, in  0.846 seconds
Platform modules already initialized, skipping
Shader 'Universal Render Pipeline/Particles/Lit': fallback shader 'Universal Render Pipeline/Particles/SimpleLit' not found
Refreshing native plugins compatible for Editor in 0.58 ms, found 0 plugins.
Preloading 0 native plugins for Editor in 0.00 ms.
Unloading 2846 Unused Serialized files (Serialized files now loaded: 0)
System memory in use before: 206.9 MB.
System memory in use after: 207.1 MB.

Unloading 6 unused Assets to reduce memory usage. Loaded Objects now: 3577.
Total: 2.442100 ms (FindLiveObjects: 0.375700 ms CreateObjectMapping: 0.133900 ms MarkObjects: 1.918500 ms  DeleteObjects: 0.012700 ms)

========================================================================
Received Import Request.
  Time since last request: 294.460254 seconds.
  path: Assets/Compass System
  artifactKey: Guid(60398cc57b7a80b4aa8baf97a17492ca) Importer(815301076,1909f56bfc062723c751e8b465ee728b)
Start importing Assets/Compass System using Guid(60398cc57b7a80b4aa8baf97a17492ca) Importer(815301076,1909f56bfc062723c751e8b465ee728b)  -> (artifact id: '0b3cf587d263bbbfdf8af389787eb64d') in 0.009006 seconds
  Import took 0.013361 seconds .

========================================================================
Received Import Request.
  Time since last request: 0.859794 seconds.
  path: Assets/Compass System/Gfx
  artifactKey: Guid(ae562831700032543b2bacd273ecb746) Importer(815301076,1909f56bfc062723c751e8b465ee728b)
Start importing Assets/Compass System/Gfx using Guid(ae562831700032543b2bacd273ecb746) Importer(815301076,1909f56bfc062723c751e8b465ee728b)  -> (artifact id: 'fcadc309d3b5a377c21673e853c8cb0f') in 0.048228 seconds
  Import took 0.053297 seconds .

========================================================================
Received Import Request.
  Time since last request: 7.062989 seconds.
  path: Assets/Compass System/Gfx/Compass.png
  artifactKey: Guid(04335573a60ed3e45834a48c66b7a254) Importer(815301076,1909f56bfc062723c751e8b465ee728b)
Start importing Assets/Compass System/Gfx/Compass.png using Guid(04335573a60ed3e45834a48c66b7a254) Importer(815301076,1909f56bfc062723c751e8b465ee728b)  -> (artifact id: 'bca2d0890e678f324a67e170b195b26d') in 0.059477 seconds
  Import took 0.064785 seconds .

========================================================================
Received Import Request.
  Time since last request: 5.134334 seconds.
  path: Assets/Compass System/Scripts
  artifactKey: Guid(8ab1f304ed9db044eac30917b6945936) Importer(815301076,1909f56bfc062723c751e8b465ee728b)
Start importing Assets/Compass System/Scripts using Guid(8ab1f304ed9db044eac30917b6945936) Importer(815301076,1909f56bfc062723c751e8b465ee728b)  -> (artifact id: 'b1e4e2b0f10583e9c5f1e170ac9519cf') in 0.006936 seconds
  Import took 0.012191 seconds .

========================================================================
Received Prepare
Registering precompiled user dll's ...
Registered in 0.001455 seconds.
Begin MonoManager ReloadAssembly
Native extension for WindowsStandalone target not found
Refreshing native plugins compatible for Editor in 0.49 ms, found 0 plugins.
Preloading 0 native plugins for Editor in 0.00 ms.
Invoked RoslynAnalysisRunner static constructor.
RoslynAnalysisRunner will not be running.
RoslynAnalysisRunner has terminated.
Mono: successfully reloaded assembly
- Completed reload, in  0.843 seconds
Platform modules already initialized, skipping
Shader 'Universal Render Pipeline/Particles/Lit': fallback shader 'Universal Render Pipeline/Particles/SimpleLit' not found
Refreshing native plugins compatible for Editor in 0.52 ms, found 0 plugins.
Preloading 0 native plugins for Editor in 0.00 ms.
Unloading 2846 Unused Serialized files (Serialized files now loaded: 0)
System memory in use before: 206.9 MB.
System memory in use after: 207.1 MB.

Unloading 6 unused Assets to reduce memory usage. Loaded Objects now: 3583.
Total: 2.502000 ms (FindLiveObjects: 0.367700 ms CreateObjectMapping: 0.159600 ms MarkObjects: 1.959000 ms  DeleteObjects: 0.014700 ms)

========================================================================
Received Import Request.
  Time since last request: 9.913877 seconds.
  path: Packages/com.unity.render-pipelines.core/Runtime/Debugging/Prefabs/Widgets/DebugUI EnumHistory.prefab
  artifactKey: Guid(b2da6b27df236b144b3516ed8e7d36ac) Importer(815301076,1909f56bfc062723c751e8b465ee728b)
Start importing Packages/com.unity.render-pipelines.core/Runtime/Debugging/Prefabs/Widgets/DebugUI EnumHistory.prefab using Guid(b2da6b27df236b144b3516ed8e7d36ac) Importer(815301076,1909f56bfc062723c751e8b465ee728b)  -> (artifact id: '955fc93447c5db8f0185bc527e11cfdd') in 0.573498 seconds
  Import took 0.580273 seconds .

========================================================================
Received Import Request.
  Time since last request: 0.000264 seconds.
  path: Packages/com.unity.render-pipelines.core/Runtime/Debugging/Prefabs/Widgets/DebugUI Group.prefab
  artifactKey: Guid(38a07789c9e87004dad98c2909f58369) Importer(815301076,1909f56bfc062723c751e8b465ee728b)
Start importing Packages/com.unity.render-pipelines.core/Runtime/Debugging/Prefabs/Widgets/DebugUI Group.prefab using Guid(38a07789c9e87004dad98c2909f58369) Importer(815301076,1909f56bfc062723c751e8b465ee728b)  -> (artifact id: '5f76ff3ef9a2200125ec0e7727e42721') in 0.080685 seconds
  Import took 0.084892 seconds .

========================================================================
Received Import Request.
  Time since last request: 0.000152 seconds.
  path: Packages/com.unity.render-pipelines.core/Runtime/Debugging/Prefabs/Resources/DebugUI Persistent Canvas.prefab
  artifactKey: Guid(f6b1a0fe75d5009449cf55ae76220e2b) Importer(815301076,1909f56bfc062723c751e8b465ee728b)
Start importing Packages/com.unity.render-pipelines.core/Runtime/Debugging/Prefabs/Resources/DebugUI Persistent Canvas.prefab using Guid(f6b1a0fe75d5009449cf55ae76220e2b) Importer(815301076,1909f56bfc062723c751e8b465ee728b)  -> (artifact id: '0084be6f458e1119bc01ce552d08254c') in 0.012118 seconds
  Import took 0.016692 seconds .

========================================================================
Received Import Request.
  Time since last request: 0.000144 seconds.
  path: Assets/ExampleAssets/Prefabs/Workshop Set.prefab
  artifactKey: Guid(a87f0180d46fd334b9025d0314a0dc70) Importer(815301076,1909f56bfc062723c751e8b465ee728b)
Start importing Assets/ExampleAssets/Prefabs/Workshop Set.prefab using Guid(a87f0180d46fd334b9025d0314a0dc70) Importer(815301076,1909f56bfc062723c751e8b465ee728b)  -> (artifact id: '43ac90b79e9c27c9e740c9367c3f099b') in 1.031939 seconds
  Import took 1.036813 seconds .

========================================================================
Received Import Request.
  Time since last request: 0.000275 seconds.
  path: Packages/com.unity.render-pipelines.core/Runtime/Debugging/Prefabs/Widgets/DebugUI Vector3.prefab
  artifactKey: Guid(94afea5f242d72547979595ba963f335) Importer(815301076,1909f56bfc062723c751e8b465ee728b)
Start importing Packages/com.unity.render-pipelines.core/Runtime/Debugging/Prefabs/Widgets/DebugUI Vector3.prefab using Guid(94afea5f242d72547979595ba963f335) Importer(815301076,1909f56bfc062723c751e8b465ee728b)  -> (artifact id: 'f257b5830e0572235d4407ccc32e67ce') in 0.208288 seconds
  Import took 0.212640 seconds .

========================================================================
Received Import Request.
  Time since last request: 0.000204 seconds.
  path: Assets/ExampleAssets/Prefabs/Paint Supplies.prefab
  artifactKey: Guid(283e6530a665e4513959d1cd4883682f) Importer(815301076,1909f56bfc062723c751e8b465ee728b)
Start importing Assets/ExampleAssets/Prefabs/Paint Supplies.prefab using Guid(283e6530a665e4513959d1cd4883682f) Importer(815301076,1909f56bfc062723c751e8b465ee728b)  -> (artifact id: '406a996b21b982c318badf150080ad55') in 0.953595 seconds
  Import took 0.958042 seconds .

========================================================================
Received Import Request.
  Time since last request: 0.000254 seconds.
  path: Packages/com.unity.render-pipelines.core/Runtime/Debugging/Prefabs/Widgets/DebugUI Row.prefab
  artifactKey: Guid(2d019437ff89b8d44949727731cd9357) Importer(815301076,1909f56bfc062723c751e8b465ee728b)
Start importing Packages/com.unity.render-pipelines.core/Runtime/Debugging/Prefabs/Widgets/DebugUI Row.prefab using Guid(2d019437ff89b8d44949727731cd9357) Importer(815301076,1909f56bfc062723c751e8b465ee728b)  -> (artifact id: '81ab83ee1e5dc1363acbd7ce7897612d') in 0.028489 seconds
  Import took 0.032574 seconds .

========================================================================
Received Import Request.
  Time since last request: 0.000271 seconds.
  path: Packages/com.unity.render-pipelines.core/Runtime/Debugging/Prefabs/Widgets/DebugUI ToggleHistory.prefab
  artifactKey: Guid(5088d0220f0c4df439cf06c5c270eacb) Importer(815301076,1909f56bfc062723c751e8b465ee728b)
Start importing Packages/com.unity.render-pipelines.core/Runtime/Debugging/Prefabs/Widgets/DebugUI ToggleHistory.prefab using Guid(5088d0220f0c4df439cf06c5c270eacb) Importer(815301076,1909f56bfc062723c751e8b465ee728b)  -> (artifact id: 'fa014a9f1287d78ab51682f3ddf49383') in 0.107309 seconds
  Import took 0.125101 seconds .

========================================================================
Received Import Request.
  Time since last request: 0.000151 seconds.
  path: Packages/com.unity.render-pipelines.core/Runtime/Debugging/Prefabs/Widgets/DebugUI HBox.prefab
  artifactKey: Guid(f7f5e36797cf0c1408561665c67b179b) Importer(815301076,1909f56bfc062723c751e8b465ee728b)
Start importing Packages/com.unity.render-pipelines.core/Runtime/Debugging/Prefabs/Widgets/DebugUI HBox.prefab using Guid(f7f5e36797cf0c1408561665c67b179b) Importer(815301076,1909f56bfc062723c751e8b465ee728b)  -> (artifact id: '77bc083ff09320f78db4bf401cfd98e8') in 0.008923 seconds
  Import took 0.013384 seconds .

========================================================================
Received Import Request.
  Time since last request: 0.000141 seconds.
  path: Packages/com.unity.render-pipelines.core/Runtime/Debugging/Prefabs/Widgets/DebugUI Foldout.prefab
  artifactKey: Guid(1c87ab2ce8b8b304d98fbe9a734b1f74) Importer(815301076,1909f56bfc062723c751e8b465ee728b)
Start importing Packages/com.unity.render-pipelines.core/Runtime/Debugging/Prefabs/Widgets/DebugUI Foldout.prefab using Guid(1c87ab2ce8b8b304d98fbe9a734b1f74) Importer(815301076,1909f56bfc062723c751e8b465ee728b)  -> (artifact id: '2f8c4b372eb4e0b3f402f719d5ba3df5') in 0.010684 seconds
  Import took 0.015116 seconds .

========================================================================
Received Import Request.
  Time since last request: 0.000164 seconds.
  path: Assets/ExampleAssets/Prefabs/Workbench_LOD0.prefab
  artifactKey: Guid(c0adcaeba3022437293536832628fdf8) Importer(815301076,1909f56bfc062723c751e8b465ee728b)
Start importing Assets/ExampleAssets/Prefabs/Workbench_LOD0.prefab using Guid(c0adcaeba3022437293536832628fdf8) Importer(815301076,1909f56bfc062723c751e8b465ee728b)  -> (artifact id: 'db5fde4b625abcf167cfe191f808a486') in 0.264963 seconds
  Import took 0.269769 seconds .

========================================================================
Received Import Request.
  Time since last request: 0.000145 seconds.
  path: Assets/ExampleAssets/Prefabs/Workbench.prefab
  artifactKey: Guid(8850d132797ff49298ba781e8e1c9bfe) Importer(815301076,1909f56bfc062723c751e8b465ee728b)
Start importing Assets/ExampleAssets/Prefabs/Workbench.prefab using Guid(8850d132797ff49298ba781e8e1c9bfe) Importer(815301076,1909f56bfc062723c751e8b465ee728b)  -> (artifact id: '18801077349ad08668497483ff3fdb4b') in 0.763076 seconds
  Import took 0.768013 seconds .

========================================================================
Received Import Request.
  Time since last request: 0.000227 seconds.
  path: Packages/com.unity.render-pipelines.core/Runtime/Debugging/Prefabs/Widgets/DebugUI Panel.prefab
  artifactKey: Guid(daa46a58178a6ad41ae1ddc2dc7f856d) Importer(815301076,1909f56bfc062723c751e8b465ee728b)
Start importing Packages/com.unity.render-pipelines.core/Runtime/Debugging/Prefabs/Widgets/DebugUI Panel.prefab using Guid(daa46a58178a6ad41ae1ddc2dc7f856d) Importer(815301076,1909f56bfc062723c751e8b465ee728b)  -> (artifact id: '373fdbbd63b3985486c61c80a11442c9') in 0.017186 seconds
  Import took 0.021265 seconds .

========================================================================
Received Import Request.
  Time since last request: 0.000172 seconds.
  path: Packages/com.unity.render-pipelines.core/Runtime/Debugging/Prefabs/Widgets/DebugUI UIntField.prefab
  artifactKey: Guid(f22bcc84a5f4a1944b075a2c4ac71493) Importer(815301076,1909f56bfc062723c751e8b465ee728b)
Start importing Packages/com.unity.render-pipelines.core/Runtime/Debugging/Prefabs/Widgets/DebugUI UIntField.prefab using Guid(f22bcc84a5f4a1944b075a2c4ac71493) Importer(815301076,1909f56bfc062723c751e8b465ee728b)  -> (artifact id: '5ecb58228084488dd0f08709981ac222') in 0.022750 seconds
  Import took 0.026859 seconds .

========================================================================
Received Import Request.
  Time since last request: 0.000173 seconds.
  path: Packages/com.unity.render-pipelines.core/Runtime/Debugging/Prefabs/Widgets/DebugUI Color.prefab
  artifactKey: Guid(77c185820dd1a464eac89cae3abccddf) Importer(815301076,1909f56bfc062723c751e8b465ee728b)
Start importing Packages/com.unity.render-pipelines.core/Runtime/Debugging/Prefabs/Widgets/DebugUI Color.prefab using Guid(77c185820dd1a464eac89cae3abccddf) Importer(815301076,1909f56bfc062723c751e8b465ee728b)  -> (artifact id: '2e9756d332d41aeaaec10a5e3902f65e') in 0.009848 seconds
  Import took 0.014083 seconds .

========================================================================
Received Import Request.
  Time since last request: 0.000173 seconds.
  path: Packages/com.unity.render-pipelines.core/Runtime/Debugging/Prefabs/Widgets/DebugUI Value.prefab
  artifactKey: Guid(dc0f88987826e6e48b1fe9c7c2b53a53) Importer(815301076,1909f56bfc062723c751e8b465ee728b)
Start importing Packages/com.unity.render-pipelines.core/Runtime/Debugging/Prefabs/Widgets/DebugUI Value.prefab using Guid(dc0f88987826e6e48b1fe9c7c2b53a53) Importer(815301076,1909f56bfc062723c751e8b465ee728b)  -> (artifact id: '68d21aa8da51b7bd51c8b5e11a7918f9') in 0.008246 seconds
  Import took 0.013139 seconds .

========================================================================
Received Import Request.
  Time since last request: 0.000262 seconds.
  path: Packages/com.unity.render-pipelines.core/Runtime/Debugging/Prefabs/Widgets/DebugUI Button.prefab
  artifactKey: Guid(f6ce33b91f6ffe54cadacbf4bb112440) Importer(815301076,1909f56bfc062723c751e8b465ee728b)
Start importing Packages/com.unity.render-pipelines.core/Runtime/Debugging/Prefabs/Widgets/DebugUI Button.prefab using Guid(f6ce33b91f6ffe54cadacbf4bb112440) Importer(815301076,1909f56bfc062723c751e8b465ee728b)  -> (artifact id: 'fd20402bf235037e32c4cc5b660c406a') in 0.042344 seconds
  Import took 0.046812 seconds .

========================================================================
Received Import Request.
  Time since last request: 0.000228 seconds.
  path: Packages/com.unity.render-pipelines.core/Runtime/Debugging/Prefabs/Widgets/DebugUI IntField.prefab
  artifactKey: Guid(ae00bb75e0cd5b04b8fe7fb4ab662629) Importer(815301076,1909f56bfc062723c751e8b465ee728b)
Start importing Packages/com.unity.render-pipelines.core/Runtime/Debugging/Prefabs/Widgets/DebugUI IntField.prefab using Guid(ae00bb75e0cd5b04b8fe7fb4ab662629) Importer(815301076,1909f56bfc062723c751e8b465ee728b)  -> (artifact id: '732b07246b85074ec8972056ab1af10c') in 0.008722 seconds
  Import took 0.013078 seconds .

========================================================================
Received Import Request.
  Time since last request: 0.000197 seconds.
  path: Packages/com.unity.render-pipelines.core/Runtime/Debugging/Prefabs/Widgets/DebugUI Vector4.prefab
  artifactKey: Guid(d47f009476100f545971a81ede14c750) Importer(815301076,1909f56bfc062723c751e8b465ee728b)
Start importing Packages/com.unity.render-pipelines.core/Runtime/Debugging/Prefabs/Widgets/DebugUI Vector4.prefab using Guid(d47f009476100f545971a81ede14c750) Importer(815301076,1909f56bfc062723c751e8b465ee728b)  -> (artifact id: '9d34e8c58288e57f1a860c776fe9ae6f') in 0.011376 seconds
  Import took 0.015933 seconds .

========================================================================
Received Import Request.
  Time since last request: 0.000142 seconds.
  path: Packages/com.unity.render-pipelines.core/Runtime/Debugging/Prefabs/Widgets/DebugUI EnumField.prefab
  artifactKey: Guid(988db55689193434fb0b3b89538f978f) Importer(815301076,1909f56bfc062723c751e8b465ee728b)
Start importing Packages/com.unity.render-pipelines.core/Runtime/Debugging/Prefabs/Widgets/DebugUI EnumField.prefab using Guid(988db55689193434fb0b3b89538f978f) Importer(815301076,1909f56bfc062723c751e8b465ee728b)  -> (artifact id: 'b96c6c55ae4cbfdcd8391b96078b1b0b') in 0.009055 seconds
  Import took 0.013472 seconds .

========================================================================
Received Import Request.
  Time since last request: 0.000129 seconds.
  path: Packages/com.unity.render-pipelines.core/Runtime/Debugging/Prefabs/Widgets/DebugUI FloatField.prefab
  artifactKey: Guid(7d4fd3415ea7dd64bbcfe13fb48a730b) Importer(815301076,1909f56bfc062723c751e8b465ee728b)
Start importing Packages/com.unity.render-pipelines.core/Runtime/Debugging/Prefabs/Widgets/DebugUI FloatField.prefab using Guid(7d4fd3415ea7dd64bbcfe13fb48a730b) Importer(815301076,1909f56bfc062723c751e8b465ee728b)  -> (artifact id: '1e02fdbc54d77cff84b5fc9fc8ce08d1') in 0.008980 seconds
  Import took 0.013968 seconds .

========================================================================
Received Import Request.
  Time since last request: 0.000187 seconds.
  path: Assets/ExampleAssets/Prefabs/Props.prefab
  artifactKey: Guid(85dfab9623c67784fa7894de63cd1604) Importer(815301076,1909f56bfc062723c751e8b465ee728b)
Start importing Assets/ExampleAssets/Prefabs/Props.prefab using Guid(85dfab9623c67784fa7894de63cd1604) Importer(815301076,1909f56bfc062723c751e8b465ee728b)  -> (artifact id: '78c2e281f5d3d01dc42a646adf835236') in 0.228203 seconds
  Import took 0.233821 seconds .

========================================================================
Received Import Request.
  Time since last request: 0.000199 seconds.
  path: Packages/com.unity.render-pipelines.core/Runtime/Debugging/Prefabs/Widgets/DebugUI BitField.prefab
  artifactKey: Guid(7c78b588b2e1f7c4a86ca4a985cf6e4a) Importer(815301076,1909f56bfc062723c751e8b465ee728b)
Start importing Packages/com.unity.render-pipelines.core/Runtime/Debugging/Prefabs/Widgets/DebugUI BitField.prefab using Guid(7c78b588b2e1f7c4a86ca4a985cf6e4a) Importer(815301076,1909f56bfc062723c751e8b465ee728b)  -> (artifact id: '3be589be9930a82d1c9a864c4c82c195') in 0.015656 seconds
  Import took 0.021300 seconds .

========================================================================
Received Import Request.
  Time since last request: 0.000239 seconds.
  path: Packages/com.unity.render-pipelines.core/Runtime/Debugging/Prefabs/Widgets/DebugUI Vector2.prefab
  artifactKey: Guid(326f7c58aed965d41bf7805a782d1e44) Importer(815301076,1909f56bfc062723c751e8b465ee728b)
Start importing Packages/com.unity.render-pipelines.core/Runtime/Debugging/Prefabs/Widgets/DebugUI Vector2.prefab using Guid(326f7c58aed965d41bf7805a782d1e44) Importer(815301076,1909f56bfc062723c751e8b465ee728b)  -> (artifact id: 'c16950fbcc99678c005cd8c1fd62b40b') in 0.009522 seconds
  Import took 0.014297 seconds .

========================================================================
Received Import Request.
  Time since last request: 0.000259 seconds.
  path: Assets/ExampleAssets/Prefabs/Workbench_LOD1.prefab
  artifactKey: Guid(38d5ecfa2b93c4095b4cc5d4a590e676) Importer(815301076,1909f56bfc062723c751e8b465ee728b)
Start importing Assets/ExampleAssets/Prefabs/Workbench_LOD1.prefab using Guid(38d5ecfa2b93c4095b4cc5d4a590e676) Importer(815301076,1909f56bfc062723c751e8b465ee728b)  -> (artifact id: 'f92cb9448cfbe4aeadcbc029683589e6') in 0.020321 seconds
  Import took 0.025330 seconds .

========================================================================
Received Import Request.
  Time since last request: 0.000175 seconds.
  path: Packages/com.unity.render-pipelines.core/Runtime/Debugging/Prefabs/Widgets/DebugUI VBox.prefab
  artifactKey: Guid(ca3e294656861a64b8aeeb9f916da0a9) Importer(815301076,1909f56bfc062723c751e8b465ee728b)
Start importing Packages/com.unity.render-pipelines.core/Runtime/Debugging/Prefabs/Widgets/DebugUI VBox.prefab using Guid(ca3e294656861a64b8aeeb9f916da0a9) Importer(815301076,1909f56bfc062723c751e8b465ee728b)  -> (artifact id: '8657e3a9464a2897edbc1b76af9c01d9') in 0.008025 seconds
  Import took 0.012542 seconds .

========================================================================
Received Import Request.
  Time since last request: 0.000245 seconds.
  path: Packages/com.unity.render-pipelines.core/Runtime/Debugging/Prefabs/Resources/DebugUI Canvas.prefab
  artifactKey: Guid(cf6cbdd672089a84796e55a21fed1cbe) Importer(815301076,1909f56bfc062723c751e8b465ee728b)
Start importing Packages/com.unity.render-pipelines.core/Runtime/Debugging/Prefabs/Resources/DebugUI Canvas.prefab using Guid(cf6cbdd672089a84796e55a21fed1cbe) Importer(815301076,1909f56bfc062723c751e8b465ee728b)  -> (artifact id: 'ff4863a292fc7e7994e67ab712d7389d') in 0.027027 seconds
  Import took 0.032864 seconds .

========================================================================
Received Import Request.
  Time since last request: 0.000196 seconds.
  path: Packages/com.unity.render-pipelines.core/Runtime/Debugging/Prefabs/Widgets/DebugUI Toggle.prefab
  artifactKey: Guid(ce347ad101f41ee4ab5c3fbc0ea447db) Importer(815301076,1909f56bfc062723c751e8b465ee728b)
Start importing Packages/com.unity.render-pipelines.core/Runtime/Debugging/Prefabs/Widgets/DebugUI Toggle.prefab using Guid(ce347ad101f41ee4ab5c3fbc0ea447db) Importer(815301076,1909f56bfc062723c751e8b465ee728b)  -> (artifact id: '95d844e7a27871159e3641b2f66629c5') in 0.017635 seconds
  Import took 0.021812 seconds .

========================================================================
Received Import Request.
  Time since last request: 63.210336 seconds.
  path: Assets/AssetsVideoGame/Png/Assets/Compass.png
  artifactKey: Guid(cdc999b011cf4db4bb0d057c0cddf0d6) Importer(815301076,1909f56bfc062723c751e8b465ee728b)
Start importing Assets/AssetsVideoGame/Png/Assets/Compass.png using Guid(cdc999b011cf4db4bb0d057c0cddf0d6) Importer(815301076,1909f56bfc062723c751e8b465ee728b)  -> (artifact id: 'aaaa3c1d1123b9a879f96f39c1580e0e') in 0.027857 seconds
  Import took 0.033151 seconds .

========================================================================
Received Prepare
Registering precompiled user dll's ...
Registered in 0.001279 seconds.
Begin MonoManager ReloadAssembly
Native extension for WindowsStandalone target not found
Refreshing native plugins compatible for Editor in 0.50 ms, found 0 plugins.
Preloading 0 native plugins for Editor in 0.00 ms.
Invoked RoslynAnalysisRunner static constructor.
RoslynAnalysisRunner will not be running.
RoslynAnalysisRunner has terminated.
Mono: successfully reloaded assembly
- Completed reload, in  0.849 seconds
Platform modules already initialized, skipping
Shader 'Universal Render Pipeline/Particles/Lit': fallback shader 'Universal Render Pipeline/Particles/SimpleLit' not found
Refreshing native plugins compatible for Editor in 0.54 ms, found 0 plugins.
Preloading 0 native plugins for Editor in 0.00 ms.
Unloading 2847 Unused Serialized files (Serialized files now loaded: 0)
System memory in use before: 208.3 MB.
System memory in use after: 208.5 MB.

Unloading 7 unused Assets to reduce memory usage. Loaded Objects now: 3623.
Total: 2.571900 ms (FindLiveObjects: 0.322700 ms CreateObjectMapping: 0.140500 ms MarkObjects: 2.087800 ms  DeleteObjects: 0.019900 ms)

========================================================================
Received Prepare
Registering precompiled user dll's ...
Registered in 0.001222 seconds.
Begin MonoManager ReloadAssembly
Native extension for WindowsStandalone target not found
Refreshing native plugins compatible for Editor in 0.49 ms, found 0 plugins.
Preloading 0 native plugins for Editor in 0.00 ms.
Invoked RoslynAnalysisRunner static constructor.
RoslynAnalysisRunner will not be running.
RoslynAnalysisRunner has terminated.
Mono: successfully reloaded assembly
- Completed reload, in  0.828 seconds
Platform modules already initialized, skipping
Shader 'Universal Render Pipeline/Particles/Lit': fallback shader 'Universal Render Pipeline/Particles/SimpleLit' not found
Refreshing native plugins compatible for Editor in 0.54 ms, found 0 plugins.
Preloading 0 native plugins for Editor in 0.00 ms.
Unloading 2846 Unused Serialized files (Serialized files now loaded: 0)
System memory in use before: 208.1 MB.
System memory in use after: 208.4 MB.

Unloading 6 unused Assets to reduce memory usage. Loaded Objects now: 3626.
Total: 2.639800 ms (FindLiveObjects: 0.346800 ms CreateObjectMapping: 0.142600 ms MarkObjects: 2.132800 ms  DeleteObjects: 0.016600 ms)

